<?xml version="1.0" encoding="UTF-8"?>
<!-- Generated by org.testng.reporters.JUnitXMLReporter -->
<testsuite hostname="DESKTOP-0GOSDQT" ignored="0" name="PageTests" tests="1" failures="1" timestamp="15 Nov 2018 13:38:58 GMT" time="7.593" errors="0">
  <testcase name="alwaysFails" time="1.494" classname="smokeTests.ProductDetailsPage">
    <failure type="java.lang.AssertionError" message="expected [0] but found [1]">
      <![CDATA[java.lang.AssertionError: expected [0] but found [1]
at smokeTests.ProductDetailsPage.alwaysFails(ProductDetailsPage.java:25)
... Removed 31 stack frames]]>
    </failure>
  </testcase> <!-- alwaysFails -->
</testsuite> <!-- PageTests -->
